Determining if the pthread_create exist failed with the following output:
Change Dir: /home/archee8/listener/cmake-build-debug/CMakeFiles/CMakeTmp

Run Build Command:"/usr/bin/make" "cmTC_59183/fast"
/usr/bin/make -f CMakeFiles/cmTC_59183.dir/build.make CMakeFiles/cmTC_59183.dir/build
make[1]: Entering directory '/home/archee8/listener/cmake-build-debug/CMakeFiles/CMakeTmp'
Building C object CMakeFiles/cmTC_59183.dir/CheckSymbolExists.c.o
/usr/bin/cc    -o CMakeFiles/cmTC_59183.dir/CheckSymbolExists.c.o   -c /home/archee8/listener/cmake-build-debug/CMakeFiles/CMakeTmp/CheckSymbolExists.c
Linking C executable cmTC_59183
/home/archee8/catkin_ws/opt/clion-2018.3.4/bin/cmake/linux/bin/cmake -E cmake_link_script CMakeFiles/cmTC_59183.dir/link.txt --verbose=1
/usr/bin/cc      -rdynamic CMakeFiles/cmTC_59183.dir/CheckSymbolExists.c.o  -o cmTC_59183 
CMakeFiles/cmTC_59183.dir/CheckSymbolExists.c.o: In function `main':
CheckSymbolExists.c:(.text+0x16): undefined reference to `pthread_create'
collect2: error: ld returned 1 exit status
CMakeFiles/cmTC_59183.dir/build.make:86: recipe for target 'cmTC_59183' failed
make[1]: *** [cmTC_59183] Error 1
make[1]: Leaving directory '/home/archee8/listener/cmake-build-debug/CMakeFiles/CMakeTmp'
Makefile:121: recipe for target 'cmTC_59183/fast' failed
make: *** [cmTC_59183/fast] Error 2

File /home/archee8/listener/cmake-build-debug/CMakeFiles/CMakeTmp/CheckSymbolExists.c:
/* */
#include <pthread.h>

int main(int argc, char** argv)
{
  (void)argv;
#ifndef pthread_create
  return ((int*)(&pthread_create))[argc];
#else
  (void)argc;
  return 0;
#endif
}

Determining if the function pthread_create exists in the pthreads failed with the following output:
Change Dir: /home/archee8/listener/cmake-build-debug/CMakeFiles/CMakeTmp

Run Build Command:"/usr/bin/make" "cmTC_34fb3/fast"
/usr/bin/make -f CMakeFiles/cmTC_34fb3.dir/build.make CMakeFiles/cmTC_34fb3.dir/build
make[1]: Entering directory '/home/archee8/listener/cmake-build-debug/CMakeFiles/CMakeTmp'
Building C object CMakeFiles/cmTC_34fb3.dir/CheckFunctionExists.c.o
/usr/bin/cc   -DCHECK_FUNCTION_EXISTS=pthread_create   -o CMakeFiles/cmTC_34fb3.dir/CheckFunctionExists.c.o   -c /home/archee8/catkin_ws/opt/clion-2018.3.4/bin/cmake/linux/share/cmake-3.13/Modules/CheckFunctionExists.c
Linking C executable cmTC_34fb3
/home/archee8/catkin_ws/opt/clion-2018.3.4/bin/cmake/linux/bin/cmake -E cmake_link_script CMakeFiles/cmTC_34fb3.dir/link.txt --verbose=1
/usr/bin/cc  -DCHECK_FUNCTION_EXISTS=pthread_create    -rdynamic CMakeFiles/cmTC_34fb3.dir/CheckFunctionExists.c.o  -o cmTC_34fb3 -lpthreads 
/usr/bin/ld: cannot find -lpthreads
collect2: error: ld returned 1 exit status
CMakeFiles/cmTC_34fb3.dir/build.make:86: recipe for target 'cmTC_34fb3' failed
make[1]: *** [cmTC_34fb3] Error 1
make[1]: Leaving directory '/home/archee8/listener/cmake-build-debug/CMakeFiles/CMakeTmp'
Makefile:121: recipe for target 'cmTC_34fb3/fast' failed
make: *** [cmTC_34fb3/fast] Error 2


